This is pdfTeX, Version 3.141592653-2.6-1.40.29 (TeX Live 2026/Arch Linux) (preloaded format=pdflatex 2026.3.9)  17 MAR 2026 10:07
entering extended mode
 restricted \write18 enabled.
 %&-line parsing enabled.
**"/home/maximilian/workspace/RTool/output/logit_model_vote_intent ~ age + gend
er + education + interest_politics + left_right + trust_parliament.tex"
! Emergency stop.
<to be read again> 
                   \protect 
<*> ...pace/RTool/output/logit_model_vote_intent ~
                                                   age + gender + education ...
*** (job aborted, file error in nonstop mode)

 
Here is how much of TeX's memory you used:
 4 strings out of 467525
 173 string characters out of 5425862
 433756 words of memory out of 5000000
 29015 multiletter control sequences out of 15000+600000
 627721 words of font info for 40 fonts, out of 8000000 for 9000
 1141 hyphenation exceptions out of 8191
 2i,0n,0p,1b,6s stack positions out of 10000i,1000n,20000p,200000b,200000s
!  ==> Fatal error occurred, no output PDF file produced!
